#
# There is insufficient memory for the Java Runtime Environment to continue.
# Native memory allocation (malloc) failed to allocate 1048576 bytes for AllocateHeap
# Possible reasons:
#   The system is out of physical RAM or swap space
#   In 32 bit mode, the process size limit was hit
# Possible solutions:
#   Reduce memory load on the system
#   Increase physical memory or swap space
#   Check if swap backing store is full
#   Use 64 bit Java on a 64 bit OS
#   Decrease Java heap size (-Xmx/-Xms)
#   Decrease number of Java threads
#   Decrease Java thread stack sizes (-Xss)
#   Set larger code cache with -XX:ReservedCodeCacheSize=
# This output file may be truncated or incomplete.
#
#  Out of Memory Error (memory/allocation.inline.hpp:61), pid=12720, tid=0x00000000000018f4
#
# JRE version:  (8.0_111-b14) (build )
# Java VM: Java HotSpot(TM) 64-Bit Server VM (25.111-b14 mixed mode windows-amd64 compressed oops)
# Failed to write core dump. Minidumps are not enabled by default on client versions of Windows
#

---------------  T H R E A D  ---------------

Current thread (0x00000000034e2800):  JavaThread "Unknown thread" [_thread_in_vm, id=6388, stack(0x0000000003270000,0x0000000003370000)]

Stack: [0x0000000003270000,0x0000000003370000]
[error occurred during error reporting (printing stack bounds), id 0xc0000005]

Native frames: (J=compiled Java code, j=interpreted, Vv=VM code, C=native code)


---------------  P R O C E S S  ---------------

Java Threads: ( => current thread )

Other Threads:

=>0x00000000034e2800 (exited) JavaThread "Unknown thread" [_thread_in_vm, id=6388, stack(0x0000000003270000,0x0000000003370000)]

VM state:not at safepoint (normal execution)

VM Mutex/Monitor currently owned by a thread: None

Heap:
 PSYoungGen      total 75776K, used 1300K [0x000000076b600000, 0x0000000770a80000, 0x00000007c0000000)
  eden space 65024K, 2% used [0x000000076b600000,0x000000076b7451f8,0x000000076f580000)
  from space 10752K, 0% used [0x0000000770000000,0x0000000770000000,0x0000000770a80000)
  to   space 10752K, 0% used [0x000000076f580000,0x000000076f580000,0x0000000770000000)
 ParOldGen       total 173568K, used 0K [0x00000006c2200000, 0x00000006ccb80000, 0x000000076b600000)
  object space 173568K, 0% used [0x00000006c2200000,0x00000006c2200000,0x00000006ccb80000)
 Metaspace       used 781K, capacity 4480K, committed 4480K, reserved 1056768K
  class space    used 75K, capacity 384K, committed 384K, reserved 1048576K

Card table byte_map: [0x00000000129a0000,0x0000000013190000] byte_map_base: 0x000000000f38f000

Marking Bits: (ParMarkBitMap*) 0x00000000741ba6c0
 Begin Bits: [0x00000000140e0000, 0x0000000018058000)
 End Bits:   [0x0000000018058000, 0x000000001bfd0000)

Polling page: 0x0000000000fa0000

CodeCache: size=245760Kb used=328Kb max_used=328Kb free=245431Kb
 bounds [0x00000000035e0000, 0x0000000003850000, 0x00000000125e0000]
 total_blobs=58 nmethods=0 adapters=38
 compilation: enabled

Compilation events (0 events):
No events

GC Heap History (0 events):
No events

Deoptimization events (0 events):
No events

Internal exceptions (0 events):
No events

Events (10 events):
Event: 0.021 loading class java/lang/Short
Event: 0.021 loading class java/lang/Short done
Event: 0.021 loading class java/lang/Integer
Event: 0.021 loading class java/lang/Integer done
Event: 0.021 loading class java/lang/Long
Event: 0.021 loading class java/lang/Long done
Event: 0.021 loading class java/lang/NullPointerException
Event: 0.021 loading class java/lang/NullPointerException done
Event: 0.021 loading class java/lang/ArithmeticException
Event: 0.021 loading class java/lang/ArithmeticException done


Dynamic libraries:
0x00007ff6fd200000 - 0x00007ff6fd237000 	D:\jdk\jdk1.8\bin\java.exe
0x00007ff8a3700000 - 0x00007ff8a38ed000 	C:\Windows\SYSTEM32\ntdll.dll
0x00007ff8a2f20000 - 0x00007ff8a2fd3000 	C:\Windows\System32\KERNEL32.DLL
0x00007ff8a0560000 - 0x00007ff8a07f3000 	C:\Windows\System32\KERNELBASE.dll
0x00007ff8a2fe0000 - 0x00007ff8a3083000 	C:\Windows\System32\ADVAPI32.dll
0x00007ff8a29c0000 - 0x00007ff8a2a5e000 	C:\Windows\System32\msvcrt.dll
0x00007ff8a2a60000 - 0x00007ff8a2afe000 	C:\Windows\System32\sechost.dll
0x00007ff8a2df0000 - 0x00007ff8a2f12000 	C:\Windows\System32\RPCRT4.dll
0x00007ff8a2160000 - 0x00007ff8a22f7000 	C:\Windows\System32\USER32.dll
0x00007ff89f7d0000 - 0x00007ff89f7f0000 	C:\Windows\System32\win32u.dll
0x00007ff8a3550000 - 0x00007ff8a3579000 	C:\Windows\System32\GDI32.dll
0x00007ff8a03c0000 - 0x00007ff8a055a000 	C:\Windows\System32\gdi32full.dll
0x00007ff89f7f0000 - 0x00007ff89f890000 	C:\Windows\System32\msvcp_win.dll
0x00007ff89f8c0000 - 0x00007ff89f9ba000 	C:\Windows\System32\ucrtbase.dll
0x00007ff88def0000 - 0x00007ff88e169000 	C:\Windows\WinSxS\amd64_microsoft.windows.common-controls_6595b64144ccf1df_6.0.17763.557_none_05b63f68071e5b9f\COMCTL32.dll
0x00007ff8a1e30000 - 0x00007ff8a215c000 	C:\Windows\System32\combase.dll
0x00007ff89fba0000 - 0x00007ff89fc1e000 	C:\Windows\System32\bcryptPrimitives.dll
0x00007ff8a2dc0000 - 0x00007ff8a2dee000 	C:\Windows\System32\IMM32.DLL
0x00007ff89f690000 - 0x00007ff89f6fe000 	C:\Windows\System32\dtrampo.dll
0x0000000074240000 - 0x0000000074312000 	D:\jdk\jdk1.8\jre\bin\msvcr100.dll
0x00000000739a0000 - 0x000000007423a000 	D:\jdk\jdk1.8\jre\bin\server\jvm.dll
0x00007ff8a3120000 - 0x00007ff8a3128000 	C:\Windows\System32\PSAPI.DLL
0x00007ff89c550000 - 0x00007ff89c559000 	C:\Windows\SYSTEM32\WSOCK32.dll
0x00007ff8a3660000 - 0x00007ff8a36cd000 	C:\Windows\System32\WS2_32.dll
0x00007ff89bb60000 - 0x00007ff89bb84000 	C:\Windows\SYSTEM32\WINMM.dll
0x00007ff891d00000 - 0x00007ff891d0a000 	C:\Windows\SYSTEM32\VERSION.dll
0x00007ff89bb30000 - 0x00007ff89bb5d000 	C:\Windows\SYSTEM32\WINMMBASE.dll
0x00007ff89fc20000 - 0x00007ff89fc6a000 	C:\Windows\System32\cfgmgr32.dll
0x0000000073990000 - 0x000000007399f000 	D:\jdk\jdk1.8\jre\bin\verify.dll
0x0000000073960000 - 0x0000000073989000 	D:\jdk\jdk1.8\jre\bin\java.dll
0x00000000737e0000 - 0x0000000073815000 	D:\jdk\jdk1.8\jre\bin\jdwp.dll
0x00000000737d0000 - 0x00000000737d8000 	D:\jdk\jdk1.8\jre\bin\npt.dll
0x00000000737a0000 - 0x00000000737c3000 	D:\jdk\jdk1.8\jre\bin\instrument.dll
0x0000000073940000 - 0x0000000073956000 	D:\jdk\jdk1.8\jre\bin\zip.dll

VM Arguments:
jvm_args: -agentlib:jdwp=transport=dt_socket,address=127.0.0.1:2833,suspend=y,server=n -Dmaven.multiModuleProjectDirectory=D:\StudyAPP\codeinclass\project\health_parent\health_service -DarchetypeCatalog=internal -Dmaven.home=D:\StudyAPP\IntelliJ IDEA 2019.1.2\plugins\maven\lib\maven3 -Dclassworlds.conf=D:\StudyAPP\IntelliJ IDEA 2019.1.2\plugins\maven\lib\maven3\bin\m2.conf -javaagent:C:\Users\JellyfishChips\.IntelliJIdea2019.1\system\captureAgent\debugger-agent.jar -Dfile.encoding=UTF-8 
java_command: org.codehaus.classworlds.Launcher -Didea.version2019.1.2 -s D:\StudyAPP\apache-maven-3.6.1-bin\apache-maven-3.6.1\conf\settings.xml -DskipTests=true tomcat7:run
java_class_path (initial): D:\StudyAPP\IntelliJ IDEA 2019.1.2\plugins\maven\lib\maven3\boot\plexus-classworlds-2.5.2.jar;D:\StudyAPP\IntelliJ IDEA 2019.1.2\lib\idea_rt.jar;C:\Users\JellyfishChips\.IntelliJIdea2019.1\system\captureAgent\debugger-agent.jar
Launcher Type: SUN_STANDARD

Environment Variables:
JAVA_HOME=D:\jdk\jdk1.8
CLASSPATH=.;D:\jdk\jdk1.8\lib\dt.jar;D:\jdk\jdk1.8\lib\tools.jar;
PATH=C:\Program Files (x86)\Intel\Intel(R) Management Engine Components\iCLS\;C:\Program Files\Intel\Intel(R) Management Engine Components\iCLS\;C:\Windows\system32;C:\Windows;C:\Windows\System32\Wbem;C:\Windows\System32\WindowsPowerShell\v1.0\;C:\Windows\System32\OpenSSH\;C:\Program Files (x86)\NVIDIA Corporation\PhysX\Common;C:\Program Files (x86)\Intel\Intel(R) Management Engine Components\DAL;C:\Program Files\Intel\Intel(R) Management Engine Components\DAL;C:\Program Files (x86)\Intel\Intel(R) Management Engine Components\IPT;C:\Program Files\Intel\Intel(R) Management Engine Components\IPT;D:\jdk\jdk1.8\bin;D:\jdk\jdk1.8\jre\bin;D:\StudyAPP\MySQLL\bin;D:\StudyAPP\GIt\Git\cmd;D:\StudyAPP\apache-maven-3.6.1-bin\apache-maven-3.6.1\bin;D:\StudyAPP\TortoiseSVN\bin;C:\Program Files\Intel\WiFi\bin\;C:\Program Files\Common Files\Intel\WirelessCommon\;D:\StudyAPP\node\;D:\StudyAPP\Go\bin;C:\Users\JellyfishChips\AppData\Local\Microsoft\WindowsApps;C:\Users\JellyfishChips\AppData\Local\GitHubDesktop\bin;D:\StudyAPP\VSCode\Microsoft VS Code\bin;C:\Users\JellyfishChips\AppData\Roaming\npm;C:\Users\JellyfishChips\go\bin
USERNAME=JellyfishChips
OS=Windows_NT
PROCESSOR_IDENTIFIER=Intel64 Family 6 Model 158 Stepping 10, GenuineIntel



---------------  S Y S T E M  ---------------

OS: Windows 10.0 , 64 bit Build 17763 (10.0.17763.475)

CPU:total 12 (6 cores per cpu, 2 threads per core) family 6 model 158 stepping 10, cmov, cx8, fxsr, mmx, sse, sse2, sse3, ssse3, sse4.1, sse4.2, popcnt, avx, avx2, aes, clmul, erms, 3dnowpref, lzcnt, ht, tsc, tscinvbit, bmi1, bmi2, adx

Memory: 4k page, physical 16633344k(9352880k free), swap 30161020k(5356k free)

vm_info: Java HotSpot(TM) 64-Bit Server VM (25.111-b14) for windows-amd64 JRE (1.8.0_111-b14), built on Sep 22 2016 19:24:05 by "java_re" with MS VC++ 10.0 (VS2010)

time: Mon Jul 01 21:17:04 2019
elapsed time: 0 seconds (0d 0h 0m 0s)

