#
# There is insufficient memory for the Java Runtime Environment to continue.
# Native memory allocation (malloc) failed to allocate 1072336 bytes for Chunk::new
# Possible reasons:
#   The system is out of physical RAM or swap space
#   In 32 bit mode, the process size limit was hit
# Possible solutions:
#   Reduce memory load on the system
#   Increase physical memory or swap space
#   Check if swap backing store is full
#   Use 64 bit Java on a 64 bit OS
#   Decrease Java heap size (-Xmx/-Xms)
#   Decrease number of Java threads
#   Decrease Java thread stack sizes (-Xss)
#   Set larger code cache with -XX:ReservedCodeCacheSize=
# This output file may be truncated or incomplete.
#
#  Out of Memory Error (allocation.cpp:390), pid=952, tid=0x0000000000002d0c
#
# JRE version: Java(TM) SE Runtime Environment (8.0_111-b14) (build 1.8.0_111-b14)
# Java VM: Java HotSpot(TM) 64-Bit Server VM (25.111-b14 mixed mode windows-amd64 compressed oops)
# Failed to write core dump. Minidumps are not enabled by default on client versions of Windows
#

---------------  T H R E A D  ---------------

Current thread (0x000000001dfc6800):  JavaThread "C2 CompilerThread0" daemon [_thread_in_native, id=11532, stack(0x000000001f760000,0x000000001f860000)]

Stack: [0x000000001f760000,0x000000001f860000]
[error occurred during error reporting (printing stack bounds), id 0xc0000005]

Native frames: (J=compiled Java code, j=interpreted, Vv=VM code, C=native code)


Current CompileTask:
C2:   1733 2892       4       org.eclipse.aether.util.graph.transformer.ConflictResolver::gatherConflictItems (111 bytes)


---------------  P R O C E S S  ---------------

Java Threads: ( => current thread )
  0x000000001dfdd800 JavaThread "Service Thread" daemon [_thread_blocked, id=10156, stack(0x000000001fb60000,0x000000001fc60000)]
  0x000000001dfcf000 JavaThread "C1 CompilerThread3" daemon [_thread_blocked, id=8716, stack(0x000000001fa60000,0x000000001fb60000)]
  0x000000001dfcc000 JavaThread "C2 CompilerThread2" daemon [_thread_in_native, id=7032, stack(0x000000001f960000,0x000000001fa60000)]
  0x000000001dfc9800 JavaThread "C2 CompilerThread1" daemon [_thread_in_native, id=13404, stack(0x000000001f860000,0x000000001f960000)]
=>0x000000001dfc6800 JavaThread "C2 CompilerThread0" daemon [_thread_in_native, id=11532, stack(0x000000001f760000,0x000000001f860000)]
  0x000000001df60800 JavaThread "JDWP Command Reader" daemon [_thread_in_native, id=11552, stack(0x000000001f660000,0x000000001f760000)]
  0x000000001df57800 JavaThread "JDWP Event Helper Thread" daemon [_thread_blocked, id=7272, stack(0x000000001f560000,0x000000001f660000)]
  0x000000001df47800 JavaThread "JDWP Transport Listener: dt_socket" daemon [_thread_blocked, id=4628, stack(0x000000001f460000,0x000000001f560000)]
  0x000000001df42000 JavaThread "Attach Listener" daemon [_thread_blocked, id=10784, stack(0x000000001f360000,0x000000001f460000)]
  0x000000001df41000 JavaThread "Signal Dispatcher" daemon [_thread_blocked, id=13240, stack(0x000000001f260000,0x000000001f360000)]
  0x000000001ded3000 JavaThread "Finalizer" daemon [_thread_blocked, id=14068, stack(0x000000001f150000,0x000000001f250000)]
  0x0000000002c3c000 JavaThread "Reference Handler" daemon [_thread_blocked, id=12348, stack(0x000000001f050000,0x000000001f150000)]
  0x0000000002b42800 JavaThread "main" [_thread_in_native, id=4524, stack(0x0000000002840000,0x0000000002940000)]

Other Threads:
  0x000000001c806800 VMThread [stack: 0x000000001ef50000,0x000000001f050000] [id=2600]
  0x000000001dfe0000 WatcherThread [stack: 0x000000001fc60000,0x000000001fd60000] [id=5612]

VM state:not at safepoint (normal execution)

VM Mutex/Monitor currently owned by a thread: None

Heap:
 PSYoungGen      total 75776K, used 13569K [0x000000076b600000, 0x0000000770a80000, 0x00000007c0000000)
  eden space 65024K, 4% used [0x000000076b600000,0x000000076b8c1c90,0x000000076f580000)
  from space 10752K, 99% used [0x000000076f580000,0x000000076fffe900,0x0000000770000000)
  to   space 10752K, 0% used [0x0000000770000000,0x0000000770000000,0x0000000770a80000)
 ParOldGen       total 173568K, used 223K [0x00000006c2200000, 0x00000006ccb80000, 0x000000076b600000)
  object space 173568K, 0% used [0x00000006c2200000,0x00000006c2237fd0,0x00000006ccb80000)
 Metaspace       used 16942K, capacity 17404K, committed 17536K, reserved 1064960K
  class space    used 1984K, capacity 2122K, committed 2176K, reserved 1048576K

Card table byte_map: [0x0000000012000000,0x00000000127f0000] byte_map_base: 0x000000000e9ef000

Marking Bits: (ParMarkBitMap*) 0x000000006272a6c0
 Begin Bits: [0x0000000013740000, 0x00000000176b8000)
 End Bits:   [0x00000000176b8000, 0x000000001b630000)

Polling page: 0x00000000001d0000

CodeCache: size=245760Kb used=10524Kb max_used=10543Kb free=235235Kb
 bounds [0x0000000002c40000, 0x00000000036a0000, 0x0000000011c40000]
 total_blobs=3325 nmethods=2985 adapters=260
 compilation: enabled

Compilation events (10 events):
Event: 1.683 Thread 0x000000001dfcf000 2946       3       java.util.AbstractList$Itr::<init> (31 bytes)
Event: 1.683 Thread 0x000000001dfcf000 nmethod 2946 0x0000000003660610 code [0x0000000003660780, 0x0000000003660970]
Event: 1.683 Thread 0x000000001dfcf000 2943       3       com.google.inject.Scopes$2::visitScope (6 bytes)
Event: 1.683 Thread 0x000000001dfcf000 nmethod 2943 0x0000000003660a50 code [0x0000000003660bc0, 0x0000000003660f10]
Event: 1.683 Thread 0x000000001dfcf000 2944       3       com.google.inject.Scopes$2::visitScope (16 bytes)
Event: 1.683 Thread 0x000000001dfcf000 nmethod 2944 0x0000000003661010 code [0x0000000003661180, 0x00000000036613f0]
Event: 1.683 Thread 0x000000001dfcf000 2945       3       java.lang.reflect.Executable::getDeclaredAnnotations (8 bytes)
Event: 1.683 Thread 0x000000001dfcf000 nmethod 2945 0x0000000003661490 code [0x0000000003661620, 0x0000000003661aa8]
Event: 1.683 Thread 0x000000001dfcf000 2940       1       org.apache.maven.artifact.DefaultArtifact::getScope (5 bytes)
Event: 1.684 Thread 0x000000001dfcf000 nmethod 2940 0x0000000003652310 code [0x0000000003652460, 0x0000000003652570]

GC Heap History (4 events):
Event: 0.646 GC heap before
{Heap before GC invocations=1 (full 0):
 PSYoungGen      total 75776K, used 65024K [0x000000076b600000, 0x0000000770a80000, 0x00000007c0000000)
  eden space 65024K, 100% used [0x000000076b600000,0x000000076f580000,0x000000076f580000)
  from space 10752K, 0% used [0x0000000770000000,0x0000000770000000,0x0000000770a80000)
  to   space 10752K, 0% used [0x000000076f580000,0x000000076f580000,0x0000000770000000)
 ParOldGen       total 173568K, used 0K [0x00000006c2200000, 0x00000006ccb80000, 0x000000076b600000)
  object space 173568K, 0% used [0x00000006c2200000,0x00000006c2200000,0x00000006ccb80000)
 Metaspace       used 10522K, capacity 10782K, committed 10880K, reserved 1058816K
  class space    used 1309K, capacity 1383K, committed 1408K, reserved 1048576K
Event: 0.652 GC heap after
Heap after GC invocations=1 (full 0):
 PSYoungGen      total 75776K, used 8362K [0x000000076b600000, 0x0000000770a80000, 0x00000007c0000000)
  eden space 65024K, 0% used [0x000000076b600000,0x000000076b600000,0x000000076f580000)
  from space 10752K, 77% used [0x000000076f580000,0x000000076fdaa938,0x0000000770000000)
  to   space 10752K, 0% used [0x0000000770000000,0x0000000770000000,0x0000000770a80000)
 ParOldGen       total 173568K, used 16K [0x00000006c2200000, 0x00000006ccb80000, 0x000000076b600000)
  object space 173568K, 0% used [0x00000006c2200000,0x00000006c2204000,0x00000006ccb80000)
 Metaspace       used 10522K, capacity 10782K, committed 10880K, reserved 1058816K
  class space    used 1309K, capacity 1383K, committed 1408K, reserved 1048576K
}
Event: 1.218 GC heap before
{Heap before GC invocations=2 (full 0):
 PSYoungGen      total 75776K, used 73386K [0x000000076b600000, 0x0000000770a80000, 0x00000007c0000000)
  eden space 65024K, 100% used [0x000000076b600000,0x000000076f580000,0x000000076f580000)
  from space 10752K, 77% used [0x000000076f580000,0x000000076fdaa938,0x0000000770000000)
  to   space 10752K, 0% used [0x0000000770000000,0x0000000770000000,0x0000000770a80000)
 ParOldGen       total 173568K, used 16K [0x00000006c2200000, 0x00000006ccb80000, 0x000000076b600000)
  object space 173568K, 0% used [0x00000006c2200000,0x00000006c2204000,0x00000006ccb80000)
 Metaspace       used 15380K, capacity 15656K, committed 15872K, reserved 1062912K
  class space    used 1859K, capacity 1944K, committed 2048K, reserved 1048576K
Event: 1.224 GC heap after
Heap after GC invocations=2 (full 0):
 PSYoungGen      total 75776K, used 10440K [0x000000076b600000, 0x0000000770a80000, 0x00000007c0000000)
  eden space 65024K, 0% used [0x000000076b600000,0x000000076b600000,0x000000076f580000)
  from space 10752K, 97% used [0x0000000770000000,0x0000000770a322f8,0x0000000770a80000)
  to   space 10752K, 0% used [0x000000076f580000,0x000000076f580000,0x0000000770000000)
 ParOldGen       total 173568K, used 32K [0x00000006c2200000, 0x00000006ccb80000, 0x000000076b600000)
  object space 173568K, 0% used [0x00000006c2200000,0x00000006c2208000,0x00000006ccb80000)
 Metaspace       used 15380K, capacity 15656K, committed 15872K, reserved 1062912K
  class space    used 1859K, capacity 1944K, committed 2048K, reserved 1048576K
}

Deoptimization events (10 events):
Event: 1.216 Thread 0x0000000002b42800 Uncommon trap: reason=class_check action=maybe_recompile pc=0x00000000031c2ccc method=java.util.concurrent.ConcurrentHashMap.get(Ljava/lang/Object;)Ljava/lang/Object; @ 149
Event: 1.329 Thread 0x0000000002b42800 Uncommon trap: reason=unstable_if action=reinterpret pc=0x00000000033b677c method=java.util.HashMap.getNode(ILjava/lang/Object;)Ljava/util/HashMap$Node; @ 53
Event: 1.329 Thread 0x0000000002b42800 Uncommon trap: reason=unstable_if action=reinterpret pc=0x0000000002fd60f8 method=java.util.HashMap.getNode(ILjava/lang/Object;)Ljava/util/HashMap$Node; @ 53
Event: 1.350 Thread 0x0000000002b42800 Uncommon trap: reason=bimorphic action=maybe_recompile pc=0x00000000033188b4 method=java.util.regex.Pattern$Curly.match0(Ljava/util/regex/Matcher;IILjava/lang/CharSequence;)Z @ 170
Event: 1.355 Thread 0x0000000002b42800 Uncommon trap: reason=unstable_if action=reinterpret pc=0x0000000003266f64 method=java.util.LinkedHashMap.afterNodeInsertion(Z)V @ 18
Event: 1.475 Thread 0x0000000002b42800 Uncommon trap: reason=bimorphic action=maybe_recompile pc=0x0000000003194310 method=java.util.regex.Pattern$CharProperty.match(Ljava/util/regex/Matcher;ILjava/lang/CharSequence;)Z @ 37
Event: 1.577 Thread 0x0000000002b42800 Uncommon trap: reason=unstable_if action=reinterpret pc=0x000000000330e888 method=java.util.IdentityHashMap.get(Ljava/lang/Object;)Ljava/lang/Object; @ 43
Event: 1.648 Thread 0x0000000002b42800 Uncommon trap: reason=unstable_if action=reinterpret pc=0x00000000033a53e8 method=org.eclipse.sisu.plexus.RealmFilteredBeans$FilteredItr.hasNext()Z @ 44
Event: 1.678 Thread 0x0000000002b42800 Uncommon trap: reason=bimorphic action=maybe_recompile pc=0x0000000003194310 method=java.util.regex.Pattern$CharProperty.match(Ljava/util/regex/Matcher;ILjava/lang/CharSequence;)Z @ 37
Event: 1.681 Thread 0x0000000002b42800 Uncommon trap: reason=unstable_if action=reinterpret pc=0x00000000035efc20 method=com.google.inject.internal.InjectorImpl.callInContext(Lcom/google/inject/internal/ContextualCallable;)Ljava/lang/Object; @ 161

Internal exceptions (10 events):
Event: 0.927 Thread 0x0000000002b42800 Exception <a 'java/lang/NullPointerException'> (0x000000076d050e90) thrown at [C:\re\workspace\8-2-build-windows-amd64-cygwin\jdk8u111\7883\hotspot\src\share\vm\interpreter\linkResolver.cpp, line 1178]
Event: 0.927 Thread 0x0000000002b42800 Exception <a 'java/lang/NullPointerException'> (0x000000076d0510a8) thrown at [C:\re\workspace\8-2-build-windows-amd64-cygwin\jdk8u111\7883\hotspot\src\share\vm\interpreter\linkResolver.cpp, line 1178]
Event: 0.928 Thread 0x0000000002b42800 Exception <a 'java/lang/NullPointerException'> (0x000000076d066b30) thrown at [C:\re\workspace\8-2-build-windows-amd64-cygwin\jdk8u111\7883\hotspot\src\share\vm\interpreter\linkResolver.cpp, line 1178]
Event: 0.928 Thread 0x0000000002b42800 Exception <a 'java/lang/NullPointerException'> (0x000000076d066d48) thrown at [C:\re\workspace\8-2-build-windows-amd64-cygwin\jdk8u111\7883\hotspot\src\share\vm\interpreter\linkResolver.cpp, line 1178]
Event: 0.928 Thread 0x0000000002b42800 Exception <a 'java/lang/NullPointerException'> (0x000000076d066f60) thrown at [C:\re\workspace\8-2-build-windows-amd64-cygwin\jdk8u111\7883\hotspot\src\share\vm\interpreter\linkResolver.cpp, line 1178]
Event: 1.047 Thread 0x0000000002b42800 Implicit null exception at 0x0000000002feea14 to 0x0000000002feeca5
Event: 1.047 Thread 0x0000000002b42800 Implicit null exception at 0x0000000002f795ef to 0x0000000002f7965d
Event: 1.075 Thread 0x0000000002b42800 Implicit null exception at 0x0000000002f765fe to 0x0000000002f76e71
Event: 1.086 Thread 0x0000000002b42800 Implicit null exception at 0x0000000003256845 to 0x0000000003256d25
Event: 1.681 Thread 0x0000000002b42800 Implicit null exception at 0x00000000035ee13f to 0x00000000035efc01

Events (10 events):
Event: 1.684 Thread 0x0000000002b42800 DEOPT PACKING pc=0x0000000003117bec sp=0x000000000293cb10
Event: 1.684 Thread 0x0000000002b42800 DEOPT UNPACKING pc=0x0000000002c8787f sp=0x000000000293c8b0 mode 1
Event: 1.684 Thread 0x0000000002b42800 DEOPT PACKING pc=0x000000000352621c sp=0x000000000293cc20
Event: 1.684 Thread 0x0000000002b42800 DEOPT UNPACKING pc=0x0000000002c8787f sp=0x000000000293c8a8 mode 1
Event: 1.684 Thread 0x0000000002b42800 DEOPT PACKING pc=0x00000000036544bc sp=0x000000000293ca20
Event: 1.684 Thread 0x0000000002b42800 DEOPT UNPACKING pc=0x0000000002c8787f sp=0x000000000293c758 mode 1
Event: 1.684 Thread 0x0000000002b42800 DEOPT PACKING pc=0x0000000003525944 sp=0x000000000293caa0
Event: 1.684 Thread 0x0000000002b42800 DEOPT UNPACKING pc=0x0000000002c8787f sp=0x000000000293c838 mode 1
Event: 1.684 Thread 0x0000000002b42800 DEOPT PACKING pc=0x000000000352538c sp=0x000000000293ccb0
Event: 1.684 Thread 0x0000000002b42800 DEOPT UNPACKING pc=0x0000000002c8787f sp=0x000000000293c9d8 mode 1


Dynamic libraries:
0x00007ff7fe260000 - 0x00007ff7fe297000 	D:\jdk\jdk1.8\bin\java.exe
0x00007ffdd9b90000 - 0x00007ffdd9d7d000 	C:\Windows\SYSTEM32\ntdll.dll
0x00007ffdd8440000 - 0x00007ffdd84f3000 	C:\Windows\System32\KERNEL32.DLL
0x00007ffdd5ea0000 - 0x00007ffdd6133000 	C:\Windows\System32\KERNELBASE.dll
0x00007ffdd7e90000 - 0x00007ffdd7f33000 	C:\Windows\System32\ADVAPI32.dll
0x00007ffdd7bd0000 - 0x00007ffdd7c6e000 	C:\Windows\System32\msvcrt.dll
0x00007ffdd6ef0000 - 0x00007ffdd6f8e000 	C:\Windows\System32\sechost.dll
0x00007ffdd6dc0000 - 0x00007ffdd6ee2000 	C:\Windows\System32\RPCRT4.dll
0x00007ffdd7fe0000 - 0x00007ffdd8177000 	C:\Windows\System32\USER32.dll
0x00007ffdd6140000 - 0x00007ffdd6160000 	C:\Windows\System32\win32u.dll
0x00007ffdd8500000 - 0x00007ffdd8529000 	C:\Windows\System32\GDI32.dll
0x00007ffdd5c60000 - 0x00007ffdd5dfa000 	C:\Windows\System32\gdi32full.dll
0x00007ffdd5e00000 - 0x00007ffdd5ea0000 	C:\Windows\System32\msvcp_win.dll
0x00007ffdd6160000 - 0x00007ffdd625a000 	C:\Windows\System32\ucrtbase.dll
0x00007ffdc6500000 - 0x00007ffdc6779000 	C:\Windows\WinSxS\amd64_microsoft.windows.common-controls_6595b64144ccf1df_6.0.17763.557_none_05b63f68071e5b9f\COMCTL32.dll
0x00007ffdd7040000 - 0x00007ffdd736c000 	C:\Windows\System32\combase.dll
0x00007ffdd6a30000 - 0x00007ffdd6aae000 	C:\Windows\System32\bcryptPrimitives.dll
0x00007ffdd7fb0000 - 0x00007ffdd7fde000 	C:\Windows\System32\IMM32.DLL
0x00007ffdd5b20000 - 0x00007ffdd5b8e000 	C:\Windows\System32\dtrampo.dll
0x00000000627b0000 - 0x0000000062882000 	D:\jdk\jdk1.8\jre\bin\msvcr100.dll
0x0000000061f10000 - 0x00000000627aa000 	D:\jdk\jdk1.8\jre\bin\server\jvm.dll
0x00007ffdd8180000 - 0x00007ffdd8188000 	C:\Windows\System32\PSAPI.DLL
0x00007ffdc1e70000 - 0x00007ffdc1e79000 	C:\Windows\SYSTEM32\WSOCK32.dll
0x00007ffdd7c70000 - 0x00007ffdd7cdd000 	C:\Windows\System32\WS2_32.dll
0x00007ffdd20e0000 - 0x00007ffdd2104000 	C:\Windows\SYSTEM32\WINMM.dll
0x00007ffdc9ce0000 - 0x00007ffdc9cea000 	C:\Windows\SYSTEM32\VERSION.dll
0x00007ffdd20b0000 - 0x00007ffdd20dd000 	C:\Windows\SYSTEM32\WINMMBASE.dll
0x0000000000bc0000 - 0x0000000000c0a000 	C:\Windows\System32\cfgmgr32.dll
0x0000000061f00000 - 0x0000000061f0f000 	D:\jdk\jdk1.8\jre\bin\verify.dll
0x0000000061ed0000 - 0x0000000061ef9000 	D:\jdk\jdk1.8\jre\bin\java.dll
0x0000000061e30000 - 0x0000000061e65000 	D:\jdk\jdk1.8\jre\bin\jdwp.dll
0x0000000061e20000 - 0x0000000061e28000 	D:\jdk\jdk1.8\jre\bin\npt.dll
0x0000000061df0000 - 0x0000000061e13000 	D:\jdk\jdk1.8\jre\bin\instrument.dll
0x0000000061eb0000 - 0x0000000061ec6000 	D:\jdk\jdk1.8\jre\bin\zip.dll
0x00007ffdd8670000 - 0x00007ffdd9b60000 	C:\Windows\System32\SHELL32.dll
0x00007ffdd8530000 - 0x00007ffdd85d8000 	C:\Windows\System32\shcore.dll
0x00007ffdd6260000 - 0x00007ffdd69aa000 	C:\Windows\System32\windows.storage.dll
0x00007ffdd5c10000 - 0x00007ffdd5c34000 	C:\Windows\System32\profapi.dll
0x00007ffdd5bb0000 - 0x00007ffdd5c0d000 	C:\Windows\System32\powrprof.dll
0x00007ffdd85e0000 - 0x00007ffdd8632000 	C:\Windows\System32\shlwapi.dll
0x0000000002a10000 - 0x0000000002a21000 	C:\Windows\System32\kernel.appcore.dll
0x00007ffdd69b0000 - 0x00007ffdd69c7000 	C:\Windows\System32\cryptsp.dll
0x0000000061de0000 - 0x0000000061de9000 	D:\jdk\jdk1.8\jre\bin\dt_socket.dll
0x00007ffdd53a0000 - 0x00007ffdd5407000 	C:\Windows\system32\mswsock.dll
0x0000000061e90000 - 0x0000000061eaa000 	D:\jdk\jdk1.8\jre\bin\net.dll
0x0000000061e70000 - 0x0000000061e81000 	D:\jdk\jdk1.8\jre\bin\nio.dll

VM Arguments:
jvm_args: -agentlib:jdwp=transport=dt_socket,address=127.0.0.1:9231,suspend=y,server=n -Dmaven.multiModuleProjectDirectory=D:\StudyAPP\codeinclass\project\health_parent\healthmoblie_web -DarchetypeCatalog=internal -Dmaven.home=D:\StudyAPP\IntelliJ IDEA 2019.1.2\plugins\maven\lib\maven3 -Dclassworlds.conf=D:\StudyAPP\IntelliJ IDEA 2019.1.2\plugins\maven\lib\maven3\bin\m2.conf -javaagent:C:\Users\JellyfishChips\.IntelliJIdea2019.1\system\captureAgent\debugger-agent.jar -Dfile.encoding=UTF-8 
java_command: org.codehaus.classworlds.Launcher -Didea.version2019.1.2 -s D:\StudyAPP\apache-maven-3.6.1-bin\apache-maven-3.6.1\conf\settings.xml -DskipTests=true tomcat7:run
java_class_path (initial): D:\StudyAPP\IntelliJ IDEA 2019.1.2\plugins\maven\lib\maven3\boot\plexus-classworlds-2.5.2.jar;D:\StudyAPP\IntelliJ IDEA 2019.1.2\lib\idea_rt.jar;C:\Users\JellyfishChips\.IntelliJIdea2019.1\system\captureAgent\debugger-agent.jar
Launcher Type: SUN_STANDARD

Environment Variables:
JAVA_HOME=D:\jdk\jdk1.8
CLASSPATH=.;D:\jdk\jdk1.8\lib\dt.jar;D:\jdk\jdk1.8\lib\tools.jar;
PATH=C:\Program Files (x86)\Intel\Intel(R) Management Engine Components\iCLS\;C:\Program Files\Intel\Intel(R) Management Engine Components\iCLS\;C:\Windows\system32;C:\Windows;C:\Windows\System32\Wbem;C:\Windows\System32\WindowsPowerShell\v1.0\;C:\Windows\System32\OpenSSH\;C:\Program Files (x86)\NVIDIA Corporation\PhysX\Common;C:\Program Files (x86)\Intel\Intel(R) Management Engine Components\DAL;C:\Program Files\Intel\Intel(R) Management Engine Components\DAL;C:\Program Files (x86)\Intel\Intel(R) Management Engine Components\IPT;C:\Program Files\Intel\Intel(R) Management Engine Components\IPT;D:\jdk\jdk1.8\bin;D:\jdk\jdk1.8\jre\bin;D:\StudyAPP\MySQLL\bin;D:\StudyAPP\GIt\Git\cmd;D:\StudyAPP\apache-maven-3.6.1-bin\apache-maven-3.6.1\bin;D:\StudyAPP\TortoiseSVN\bin;C:\Program Files\Intel\WiFi\bin\;C:\Program Files\Common Files\Intel\WirelessCommon\;D:\StudyAPP\node\;D:\StudyAPP\Go\bin;C:\Users\JellyfishChips\AppData\Local\Microsoft\WindowsApps;C:\Users\JellyfishChips\AppData\Local\GitHubDesktop\bin;D:\StudyAPP\VSCode\Microsoft VS Code\bin;C:\Users\JellyfishChips\AppData\Roaming\npm;C:\Users\JellyfishChips\go\bin
USERNAME=JellyfishChips
OS=Windows_NT
PROCESSOR_IDENTIFIER=Intel64 Family 6 Model 158 Stepping 10, GenuineIntel



---------------  S Y S T E M  ---------------

OS: Windows 10.0 , 64 bit Build 17763 (10.0.17763.475)

CPU:total 12 (6 cores per cpu, 2 threads per core) family 6 model 158 stepping 10, cmov, cx8, fxsr, mmx, sse, sse2, sse3, ssse3, sse4.1, sse4.2, popcnt, avx, avx2, aes, clmul, erms, 3dnowpref, lzcnt, ht, tsc, tscinvbit, bmi1, bmi2, adx

Memory: 4k page, physical 16633344k(8200928k free), swap 30161020k(12052k free)

vm_info: Java HotSpot(TM) 64-Bit Server VM (25.111-b14) for windows-amd64 JRE (1.8.0_111-b14), built on Sep 22 2016 19:24:05 by "java_re" with MS VC++ 10.0 (VS2010)

time: Mon Jul 01 09:21:07 2019
elapsed time: 1 seconds (0d 0h 0m 1s)

